Removed Pin From Net: NetName=DGND Pin=Alim_C1-2
Removed Pin From Net: NetName=DGND Pin=Alim_C2-2
Removed Pin From Net: NetName=DGND Pin=Alim_C4-N
Removed Pin From Net: NetName=DGND Pin=Alim_C5-1
Removed Pin From Net: NetName=DGND Pin=Alim_C6-N
Removed Pin From Net: NetName=AGND Pin=Alim_C7-1
Removed Pin From Net: NetName=NetADC_12 Pin=Alim_C7-2
Removed Pin From Net: NetName=AGND Pin=Alim_C8-N
Removed Pin From Net: NetName=NetADC_12 Pin=Alim_C8-P
Removed Pin From Net: NetName=AGND Pin=Alim_C10-1
Removed Pin From Net: NetName=AGND Pin=Alim_C11-1
Removed Pin From Net: NetName=AGND Pin=Alim_C12-1
Removed Pin From Net: NetName=AGND Pin=Alim_C13-1
Removed Pin From Net: NetName=AGND Pin=Alim_C14-1
Removed Pin From Net: NetName=AGND Pin=Alim_C15-1
Removed Pin From Net: NetName=DGND Pin=Alim_D1-2
Removed Pin From Net: NetName=AGND Pin=Alim_D2-2
Removed Pin From Net: NetName=NetADC_12 Pin=Alim_L2-2
Removed Pin From Net: NetName=NetADC_12 Pin=Alim_R1-2
Removed Pin From Net: NetName=AGND Pin=Alim_R2-1
Removed Pin From Net: NetName=DGND Pin=BT1-1
Removed Pin From Net: NetName=DGND Pin=Buck-1
Removed Pin From Net: NetName=DGND Pin=Buck-2
Removed Pin From Net: NetName=DGND Pin=Buck-3
Removed Pin From Net: NetName=DGND Pin=Buck-9
Removed Pin From Net: NetName=DGND Pin=Buck-10
Removed Pin From Net: NetName=DGND Pin=Buck-11
Removed Pin From Net: NetName=DGND Pin=Buck-12
Removed Pin From Net: NetName=D3V3 Pin=C3-1
Removed Pin From Net: NetName=DGND Pin=C3-2
Removed Pin From Net: NetName=D3V3 Pin=RSCL1-1
Removed Pin From Net: NetName=NetPH2_5 Pin=RSCL1-2
Removed Pin From Net: NetName=D3V3 Pin=RSDA1-1
Removed Pin From Net: NetName=NetPH2_4 Pin=RSDA1-2
Removed Pin From Net: NetName=DGND Pin=U?-4
Removed Pin From Net: NetName=NetPH2_4 Pin=U?-5
Removed Pin From Net: NetName=NetPH2_5 Pin=U?-6
Removed Pin From Net: NetName=D3V3 Pin=U?-8
Removed Member From Class: ClassName=Data Member=BT1
Removed Member From Class: ClassName=Data Member=C3
Removed Member From Class: ClassName=Data Member=RSCL1
Removed Member From Class: ClassName=Data Member=RSDA1
Removed Member From Class: ClassName=Data Member=U?
Change Footprint: Footprint Not Found 0805
Change Footprint: Footprint Not Found 0805
Add Component: Footprint Not Found 1206
Add Pin To Net: Unknown Pin: Pin C2-1
Add Pin To Net: Unknown Pin: Pin C2-2
Added Pin To Net: NetName=NetPH2_2 Pin=PH2-2
Added Net: Name=NetPH2_2
Add Class Member: Failed to add class member : Component C2 X7R 16V
