Change Component Designator: OldDesignator=A1 NewDesignator=Suiveur
Change Component Description : Designator=P2 Old Description=SMA 90deg Connector New Description=SMA 90deg ConnectorR125680000
Add Component: Footprint Not Found BS-7-ND
Add Component: Footprint Not Found 1206
Add Component: Footprint Not Found 0805
Add Component: Footprint Not Found 1206
Add Component: Footprint Not Found 1206
Add Component: Footprint Not Found 0805
Add Component: Footprint Not Found 0805
Add Component: Footprint Not Found DO219-AB
Add Component: Footprint Not Found DO219-AB
Add Component: Footprint Not Found BIGLED
Added Component: Designator=P1(SMB_V-RJ45)
Add component (AddParameter): Name = "LatestRevisionDate"; Value = "17-Jul-2002"; VariantName = "[No Variations]"
Add component (AddParameter): Name = "LatestRevisionNote"; Value = "Re-released for DXP Platform."; VariantName = "[No Variations]"
Add component (AddParameter): Name = "Publisher"; Value = "Altium Limited"; VariantName = "[No Variations]"
Add Component: Footprint Not Found Arduino MKRZero
Add Pin To Net: Unknown Pin: Pin Batt_clock-1
Add Pin To Net: Unknown Pin: Pin Batt_clock-2
Add Pin To Net: Unknown Pin: Pin C2-1
Add Pin To Net: Unknown Pin: Pin C2-2
Added Pin To Net: NetName=AGND Pin=C3-2
Add Pin To Net: Unknown Pin: Pin C4-1
Add Pin To Net: Unknown Pin: Pin C4-2
Add Pin To Net: Unknown Pin: Pin C8-1
Add Pin To Net: Unknown Pin: Pin C8-2
Add Pin To Net: Unknown Pin: Pin C9-1
Add Pin To Net: Unknown Pin: Pin C9-2
Add Pin To Net: Unknown Pin: Pin C15-1
Add Pin To Net: Unknown Pin: Pin C15-2
Add Pin To Net: Unknown Pin: Pin C16-1
Add Pin To Net: Unknown Pin: Pin C16-2
Add Pin To Net: Unknown Pin: Pin D1-1
Add Pin To Net: Unknown Pin: Pin D1-2
Add Pin To Net: Unknown Pin: Pin D2-1
Add Pin To Net: Unknown Pin: Pin D2-2
Add Pin To Net: Unknown Pin: Pin D3-1
Add Pin To Net: Unknown Pin: Pin D3-2
Added Pin To Net: NetName=GUARD_EXT Pin=P1-1
Add Pin To Net: Unknown Pin: Pin U7-2
Add Pin To Net: Unknown Pin: Pin U7-3
Add Pin To Net: Unknown Pin: Pin U7-7
Add Pin To Net: Unknown Pin: Pin U7-9
Add Pin To Net: Unknown Pin: Pin U7-10
Add Pin To Net: Unknown Pin: Pin U7-11
Add Pin To Net: Unknown Pin: Pin U7-14
Add Pin To Net: Unknown Pin: Pin U7-15
Add Pin To Net: Unknown Pin: Pin U7-21
Add Pin To Net: Unknown Pin: Pin U7-22
Add Pin To Net: Unknown Pin: Pin U7-23
Add Pin To Net: Unknown Pin: Pin U7-25
Add Pin To Net: Unknown Pin: Pin U7-26
Change Net Name : Old Net Name=NetA1_6 New Net Name=NetR4_1
Change Net Name : Old Net Name=NetA1_8 New Net Name=NetR5_1
Add Class Member: Failed to add class member : Component Batt_clock BS-7
Add Class Member: Failed to add class member : Component C2 X7R 16V
Add Class Member: Failed to add class member : Component C4 C0805
Add Class Member: Failed to add class member : Component C8 X7R 250V
Add Class Member: Failed to add class member : Component C9 X7R 250V
Add Class Member: Failed to add class member : Component C15 C0805
Add Class Member: Failed to add class member : Component C16 C0805
Add Class Member: Failed to add class member : Component D1 BZD27C200P
Add Class Member: Failed to add class member : Component D2 BZD27C200P
Add Class Member: Failed to add class member : Component D3 LED0
Added Member To Class: ClassName=Pamp Member=Component P1 SMA
Add Class Member: Failed to add class member : Component U7 Arduino MKRZero
