Removed Pin From Net: NetName=D3V3 Pin=ADC_C1-1
Removed Pin From Net: NetName=DGND Pin=ADC_C1-2
Removed Pin From Net: NetName=NetADC_12 Pin=ADC_C2-1
Removed Pin From Net: NetName=AGND Pin=ADC_C2-2
Removed Member From Class: ClassName=Pamp Member=ADC_C1
Change Component Footprint: Designator=ADC_C2 Old Footprint=CAPC2013X70X45ML10T25 New Footprint=0603
Change Component Comment : Designator=ADC_C2 Old Comment=C0805 New Comment=X7R 50V
Change component parameters: Designator = "ADC_C2" ("ADC_C2"); Footprint = "CAPC2013X70X45ML10T25"; UniqueID = "\EVUBKWBN\SAJFJZQR" ("\EVUBKWBN\SAJFJZQR")
Change component parameters (AddParameter): Name = "LatestRevisionDate"; Value = "29-May-2009"; VariantName = "[No Variations]"
Change component parameters (AddParameter): Name = "LatestRevisionNote"; Value = "IPC-7351 Footprint Added."; VariantName = "[No Variations]"
Change component parameters (AddParameter): Name = "PackageDescription"; Value = "Chip Capacitor"; VariantName = "[No Variations]"
Change component parameters (AddParameter): Name = "PackageReference"; Value = "C1206"; VariantName = "[No Variations]"
Change component parameters (AddParameter): Name = "Published"; Value = "8-Jun-2000"; VariantName = "[No Variations]"
Change component parameters (AddParameter): Name = "Publisher"; Value = "Altium Limited"; VariantName = "[No Variations]"
Change component parameters (AddParameter): Name = "Value"; Value = "100nF"; VariantName = "[No Variations]"
Added Component: Designator=ADC C1(0603)
Add component (AddParameter): Name = "LatestRevisionDate"; Value = "29-May-2009"; VariantName = "[No Variations]"
Add component (AddParameter): Name = "LatestRevisionNote"; Value = "IPC-7351 Footprint Added."; VariantName = "[No Variations]"
Add component (AddParameter): Name = "PackageDescription"; Value = "Chip Capacitor"; VariantName = "[No Variations]"
Add component (AddParameter): Name = "PackageReference"; Value = "C1206"; VariantName = "[No Variations]"
Add component (AddParameter): Name = "Published"; Value = "8-Jun-2000"; VariantName = "[No Variations]"
Add component (AddParameter): Name = "Publisher"; Value = "Altium Limited"; VariantName = "[No Variations]"
Add component (AddParameter): Name = "Value"; Value = "100nF"; VariantName = "[No Variations]"
Added Pin To Net: NetName=AGND Pin=ADC_C2-1
Added Pin To Net: NetName=NetADC_12 Pin=ADC_C2-2
Added Pin To Net: NetName=DGND Pin=ADC C1-1
Added Pin To Net: NetName=D3V3 Pin=ADC C1-2
Added Member To Class: ClassName=Pamp Member=Component ADC C1 X7R 50V
