Change Footprint: Footprint Not Found 0805
Change Footprint: Footprint Not Found 0805
Change Component Designator: OldDesignator=C4 NewDesignator=Rauch C4
Change Component Designator: OldDesignator=C5 NewDesignator=Rauch C5
Change Component Designator: OldDesignator=R1 NewDesignator=Rauch R1
Change Component Designator: OldDesignator=R2 NewDesignator=Rauch R2
Add Component: Footprint Not Found 1206
Add Component: Footprint Not Found 1206
Add Component: Footprint Not Found 1206
Add Component: Footprint Not Found LT-MS8-8_N
Add Component: Footprint Not Found ADI-RM-8_N
Add Component: Footprint Not Found MAXM-S8+5_N
Add Component: Footprint Not Found ADI-RM-8_N
Add Pin To Net: Unknown Pin: Pin C2-1
Add Pin To Net: Unknown Pin: Pin C2-2
Add Pin To Net: Unknown Pin: Pin Rauch C6-1
Add Pin To Net: Unknown Pin: Pin Rauch C6-2
Add Pin To Net: Unknown Pin: Pin Rauch C7-2
Add Pin To Net: Unknown Pin: Pin U1-1
Add Pin To Net: Unknown Pin: Pin U1-2
Add Pin To Net: Unknown Pin: Pin U1-3
Add Pin To Net: Unknown Pin: Pin U1-4
Add Pin To Net: Unknown Pin: Pin U1-5
Add Pin To Net: Unknown Pin: Pin U1-6
Add Pin To Net: Unknown Pin: Pin U1-7
Add Pin To Net: Unknown Pin: Pin U1-8
Add Pin To Net: Unknown Pin: Pin U2-4
Add Pin To Net: Unknown Pin: Pin U2-5
Add Pin To Net: Unknown Pin: Pin U2-7
Add Pin To Net: Unknown Pin: Pin U2-8
Add Pin To Net: Unknown Pin: Pin U3-1
Add Pin To Net: Unknown Pin: Pin U3-2
Add Pin To Net: Unknown Pin: Pin U3-3
Add Pin To Net: Unknown Pin: Pin U3-4
Add Pin To Net: Unknown Pin: Pin U3-5
Add Pin To Net: Unknown Pin: Pin U3-6
Add Pin To Net: Unknown Pin: Pin U3-7
Add Pin To Net: Unknown Pin: Pin U3-8
Add Pin To Net: Unknown Pin: Pin U4-4
Add Pin To Net: Unknown Pin: Pin U4-5
Add Pin To Net: Unknown Pin: Pin U4-6
Add Pin To Net: Unknown Pin: Pin U4-7
Add Pin To Net: Unknown Pin: Pin U4-8
Change Net Name : Old Net Name=NetC4_1 New Net Name=NetRauch C4_1
Change Net Name : Old Net Name=NetC4_2 New Net Name=NetRauch C4_2
Added Pin To Net: NetName=NetRauch C7_1 Pin=Rauch R1-1
Added Net: Name=NetRauch C7_1
Add Class Member: Failed to add class member : Component C2 X7R 16V
Add Class Member: Failed to add class member : Component Rauch C6 X7R 250V
Add Class Member: Failed to add class member : Component Rauch C7 X7R 250V
Add Class Member: Failed to add class member : Component U1 LTC6655
Add Class Member: Failed to add class member : Component U2 AD8642ARMZ
Add Class Member: Failed to add class member : Component U3 MAX295CSA+
Add Class Member: Failed to add class member : Component U4 AD8642ARMZ
