Removed Pin From Net: NetName=DGND Pin=PH1-12
Removed Pin From Net: NetName=NetAlim_C5_2 Pin=PH2-12
Removed Pin From Net: NetName=NetPH2_9 Pin=RDRDY-1
Removed Member From Class: ClassName=Data Member=PH1
Change Footprint: Footprint Not Found 0805
Change Footprint: Footprint Not Found 0805
Add Component: Footprint Not Found 1206
Add Component: Footprint Not Found LT-MS8-8_N
Add Pin To Net: Unknown Pin: Pin C2-1
Add Pin To Net: Unknown Pin: Pin C2-2
Added Pin To Net: NetName=DGND Pin=PH2-1
Added Pin To Net: NetName=NetAlim_C5_2 Pin=PH2-2
Added Pin To Net: NetName=NetPH2_9 Pin=RTX-1
Add Pin To Net: Unknown Pin: Pin U1-1
Add Pin To Net: Unknown Pin: Pin U1-2
Add Pin To Net: Unknown Pin: Pin U1-3
Add Pin To Net: Unknown Pin: Pin U1-4
Add Pin To Net: Unknown Pin: Pin U1-5
Add Pin To Net: Unknown Pin: Pin U1-6
Add Pin To Net: Unknown Pin: Pin U1-7
Add Pin To Net: Unknown Pin: Pin U1-8
Added Pin To Net: NetName=NetPH2_4 Pin=PH2-4
Added Pin To Net: NetName=NetPH2_4 Pin=RSDA1-2
Added Pin To Net: NetName=NetPH2_4 Pin=U?-5
Added Net: Name=NetPH2_4
Added Pin To Net: NetName=NetPH2_5 Pin=PH2-5
Added Pin To Net: NetName=NetPH2_5 Pin=RSCL1-2
Added Pin To Net: NetName=NetPH2_5 Pin=U?-6
Added Net: Name=NetPH2_5
Added Pin To Net: NetName=NetPH2_8 Pin=PH2-8
Added Pin To Net: NetName=NetPH2_8 Pin=RRX1-1
Added Net: Name=NetPH2_8
Added Pin To Net: NetName=NetPH2_11 Pin=PH2-11
Added Pin To Net: NetName=NetPH2_11 Pin=RDRDY-1
Added Net: Name=NetPH2_11
Add Class Member: Failed to add class member : Component C2 X7R 16V
Add Class Member: Failed to add class member : Component U1 LTC6655
