Add Component: Footprint Not Found BS-7-ND
Add Component: Footprint Not Found 1206
Add Component: Footprint Not Found 0805
Add Component: Footprint Not Found 1206
Add Component: Footprint Not Found 1206
Add Component: Footprint Not Found 0805
Add Component: Footprint Not Found 0805
Add Component: Footprint Not Found DO219-AB
Add Component: Footprint Not Found DO219-AB
Add Component: Footprint Not Found BIGLED
Add Component: Footprint Not Found BS-SSMA
Add Component: Footprint Not Found Arduino MKRZero
Add Pin To Net: Unknown Pin: Pin BT1-1
Add Pin To Net: Unknown Pin: Pin BT1-2
Add Pin To Net: Unknown Pin: Pin C2-1
Add Pin To Net: Unknown Pin: Pin C2-2
Add Pin To Net: Unknown Pin: Pin C4-1
Add Pin To Net: Unknown Pin: Pin C4-2
Add Pin To Net: Unknown Pin: Pin C8-1
Add Pin To Net: Unknown Pin: Pin C8-2
Add Pin To Net: Unknown Pin: Pin C9-1
Add Pin To Net: Unknown Pin: Pin C9-2
Add Pin To Net: Unknown Pin: Pin C15-1
Add Pin To Net: Unknown Pin: Pin C15-2
Add Pin To Net: Unknown Pin: Pin C16-1
Add Pin To Net: Unknown Pin: Pin C16-2
Add Pin To Net: Unknown Pin: Pin D1-1
Add Pin To Net: Unknown Pin: Pin D1-2
Add Pin To Net: Unknown Pin: Pin D2-1
Add Pin To Net: Unknown Pin: Pin D2-2
Add Pin To Net: Unknown Pin: Pin D3-1
Add Pin To Net: Unknown Pin: Pin D3-2
Add Pin To Net: Unknown Pin: Pin P1-2
Added Pin To Net: NetName=DRDY Pin=R23-1
Add Pin To Net: Unknown Pin: Pin U7-2
Add Pin To Net: Unknown Pin: Pin U7-3
Add Pin To Net: Unknown Pin: Pin U7-7
Add Pin To Net: Unknown Pin: Pin U7-9
Add Pin To Net: Unknown Pin: Pin U7-10
Add Pin To Net: Unknown Pin: Pin U7-11
Add Pin To Net: Unknown Pin: Pin U7-14
Add Pin To Net: Unknown Pin: Pin U7-15
Add Pin To Net: Unknown Pin: Pin U7-21
Add Pin To Net: Unknown Pin: Pin U7-22
Add Pin To Net: Unknown Pin: Pin U7-23
Add Pin To Net: Unknown Pin: Pin U7-25
Add Pin To Net: Unknown Pin: Pin U7-26
Add Class Member: Failed to add class member : Component BT1 BS-7
Add Class Member: Failed to add class member : Component C2 X7R 16V
Add Class Member: Failed to add class member : Component C4 C0805
Add Class Member: Failed to add class member : Component C8 X7R 250V
Add Class Member: Failed to add class member : Component C9 X7R 250V
Add Class Member: Failed to add class member : Component C15 C0805
Add Class Member: Failed to add class member : Component C16 C0805
Add Class Member: Failed to add class member : Component D1 BZD27C200P
Add Class Member: Failed to add class member : Component D2 BZD27C200P
Add Class Member: Failed to add class member : Component D3 LED0
Add Class Member: Failed to add class member : Component P1 BS-SSMA
Add Class Member: Failed to add class member : Component U7 Arduino MKRZero
